[2026-03-16T22:40:50.329Z] Zodiac Online server listening on port 7777
[2026-03-16T22:40:50.332Z] Logs: server.log
[2026-03-16T22:40:57.041Z] 
=== SESSION 1 CONNECTED from 127.0.0.1:41411 mode=LOGIN ===
[2026-03-16T22:40:57.042Z] [S1] Sending handshake (flags=0x44, seed=0, no encryption)
[2026-03-16T22:40:57.042Z] [S1] > 0000: 44 06 00 00 00 01 00 00 00 00 00                | D..........
[2026-03-16T22:40:57.061Z] [S1] RECV pkt flags=0x40 len=48 seq=0
[2026-03-16T22:40:57.061Z] [S1] < 0000: e9 03 08 00 30 30 30 30 30 30 31 00 21 00 32 43 | ....0000001.!.2C
[S1] < 0010: 36 30 43 32 34 45 37 30 38 37 45 31 38 45 34 35 | 60C24E7087E18E45
[S1] < 0020: 30 35 35 41 33 33 46 39 41 35 42 45 39 31 00 53 | 055A33F9A5BE91.S
[2026-03-16T22:40:57.061Z] [S1] CMD8=0xe9 CMD16=0x03e9 state=CONNECTED
[2026-03-16T22:40:57.061Z] [S1] ASCII: ....0000001.!.2C60C24E7087E18E45055A33F9A5BE91.S
[2026-03-16T22:40:57.062Z] [S1] Login packet cmd=0xe9 mode=LOGIN
[2026-03-16T22:40:57.062Z] [S1] Full payload hex: e90308003030303030303100210032433630433234453730383745313845343530353541333346394135424539310053
[2026-03-16T22:40:57.062Z] [S1] String at 11: "0000001"
[2026-03-16T22:40:57.062Z] [S1] String at 46: "2C60C24E7087E18E45055A33F9A5BE91"
[2026-03-16T22:40:57.062Z] [S1] Parsed account="0000001"
[2026-03-16T22:40:57.062Z] [S1] Sending login server-list response
[2026-03-16T22:40:57.063Z] [S1] > 0000: 40 30 00 01 00 e9 03 03 00 00 00 00 00 00 01 00 | @0..............
[S1] > 0010: 00 00 00 00 00 00 d5 17 00 00 61 1e 01 09 00 31 | ..........a....1
[S1] > 0020: 32 37 2e 30 2e 30 2e 31 00 00 00 00 00 00 00 00 | 27.0.0.1........
[S1] > 0030: 00 00 00 00 00                                  | .....
[2026-03-16T22:40:58.769Z] [S1] RECV pkt flags=0x40 len=4 seq=1
[2026-03-16T22:40:58.770Z] [S1] < 0000: 4c 04 1c 01                                     | L...
[2026-03-16T22:40:58.770Z] [S1] CMD8=0x4c CMD16=0x044c state=LOGGED_IN
[2026-03-16T22:40:58.770Z] [S1] ASCII: L...
[2026-03-16T22:40:58.770Z] [S1] Game packet flags=0x40 cmd8=0x4c cmd16=0x044c
[2026-03-16T22:40:58.770Z] [S1] Line select request for line 1
[2026-03-16T22:40:58.770Z] [S1] Sending line-select success for line 1
[2026-03-16T22:40:58.770Z] [S1] > 0000: 40 04 00 02 00 e9 03 1b 01                      | @........
[2026-03-16T22:40:58.773Z] [S1] Persisted character "NeoE5F" for account "0000001"
[2026-03-16T22:40:58.774Z] [S1] Persisted character "NeoE5F" for account "0000001"
[2026-03-16T22:40:58.775Z] [S1] Sending create-role success for "NeoE5F" entity_type=0x3fd
[2026-03-16T22:40:58.775Z] [S1] > 0000: 40 16 00 03 00 4c 04 05 00 00 00 00 00 fd 03 02 | @....L..........
[S1] > 0010: 07 00 4e 65 6f 45 35 46 00 00 00                | ..NeoE5F...
[2026-03-16T22:40:58.775Z] [S1] Replayed persisted character "NeoE5F" for account "0000001"
[2026-03-16T22:41:00.853Z] [S1] RECV pkt flags=0x40 len=4 seq=2
[2026-03-16T22:41:00.853Z] [S1] < 0000: 4c 04 0d 00                                     | L...
[2026-03-16T22:41:00.853Z] [S1] CMD8=0x4c CMD16=0x044c state=LOGGED_IN
[2026-03-16T22:41:00.854Z] [S1] ASCII: L...
[2026-03-16T22:41:00.854Z] [S1] Game packet flags=0x40 cmd8=0x4c cmd16=0x044c
[2026-03-16T22:41:00.854Z] [S1] Enter game request slot=0
[2026-03-16T22:41:00.854Z] [S1] Sending 0x0d game-server redirect to 127.0.0.1:7777
[2026-03-16T22:41:00.854Z] [S1] > 0000: 40 15 00 04 00 e9 03 0d 0a 00 31 32 37 2e 30 2e | @.........127.0.
[S1] > 0010: 30 2e 31 00 61 1e 00 00 00 00                   | 0.1.a.....
[2026-03-16T22:41:00.863Z] 
=== SESSION 2 CONNECTED from 127.0.0.1:35603 mode=GAME ===
[2026-03-16T22:41:00.863Z] [S2] Sending handshake (flags=0x44, seed=0, no encryption)
[2026-03-16T22:41:00.863Z] [S2] > 0000: 44 06 00 00 00 01 00 00 00 00 00                | D..........
[2026-03-16T22:41:00.872Z] [S2] RECV pkt flags=0x40 len=47 seq=0
[2026-03-16T22:41:00.873Z] [S2] < 0000: e9 03 08 00 30 30 30 30 30 30 31 00 21 00 32 43 | ....0000001.!.2C
[S2] < 0010: 36 30 43 32 34 45 37 30 38 37 45 31 38 45 34 35 | 60C24E7087E18E45
[S2] < 0020: 30 35 35 41 33 33 46 39 41 35 42 45 39 31 00    | 055A33F9A5BE91.
[2026-03-16T22:41:00.873Z] [S2] CMD8=0xe9 CMD16=0x03e9 state=CONNECTED
[2026-03-16T22:41:00.873Z] [S2] ASCII: ....0000001.!.2C60C24E7087E18E45055A33F9A5BE91.
[2026-03-16T22:41:00.873Z] [S2] Login packet cmd=0xe9 mode=GAME
[2026-03-16T22:41:00.873Z] [S2] Full payload hex: e903080030303030303031002100324336304332344537303837453138453435303535413333463941354245393100
[2026-03-16T22:41:00.873Z] [S2] String at 11: "0000001"
[2026-03-16T22:41:00.873Z] [S2] String at 46: "2C60C24E7087E18E45055A33F9A5BE91"
[2026-03-16T22:41:00.873Z] [S2] Parsed account="0000001"
[2026-03-16T22:41:00.874Z] [S2] Sending enter-game success char="NeoE5F" runtimeId=0x3fd entity=0x3fd roleEntity=0x3fd aptitude=11 map=101 (Rainbow Valley) pos=25,184
[2026-03-16T22:41:00.874Z] [S2] > 0000: 40 1f 00 01 00 e9 03 03 fd 03 00 00 fd 03 00 00 | @...............
[S2] > 0010: 00 00 19 00 b8 00 00 00 07 00 4e 65 6f 45 35 46 | ..........NeoE5F
[S2] > 0020: 00 00 65 00                                     | ..e.
[2026-03-16T22:41:00.874Z] [S2] Sending self-state stat sync cmd=0x3f6 sub=0xa aptitude=11 level=2 hp/mp/rage=398/600/100 stats=15/15/15/15 statusPoints=9
[2026-03-16T22:41:00.874Z] [S2] > 0000: 40 38 00 02 00 f6 03 0a 0b 8e 01 00 00 58 02 00 | @8...........X..
[S2] > 0010: 00 64 00 00 00 02 4d 00 00 00 00 00 00 00 42 00 | .d....M.......B.
[S2] > 0020: 00 00 00 00 00 00 64 00 00 00 00 00 00 00 00 00 | ......d.........
[S2] > 0030: 01 00 0f 00 0f 00 0f 00 0f 00 09 00 00          | .............
[2026-03-16T22:41:00.874Z] [S2] Sending static NPC spawn batch cmd=0x3eb map=101 (Rainbow Valley) count=18
[2026-03-16T22:41:00.875Z] [S2] > 0000: 40 01 01 03 00 eb 03 15 12 00 cd 0c 00 00 cd 0c | @...............
[S2] > 0010: 15 00 d0 00 00 00 00 00 cc 0c 00 00 cc 0c 11 00 | ................
[S2] > 0020: a9 00 00 00 00 00 67 0c 00 00 67 0c 44 00 57 00 | ......g...g.D.W.
[S2] > 0030: 00 00 00 00 bc 0b 00 00 bc 0b 60 00 9a 00 00 00 | ..........`.....
[S2] > 0040: 00 00 bd 0b 00 00 bd 0b 52 00 dc 00 00 00 00 00 | ........R.......
[S2] > 0050: 6c 0c 00 00 6c 0c 43 00 ba 00 00 00 00 00 d3 0b | l...l.C.........
[S2] > 0060: 00 00 d3 0b 39 00 7c 00 00 00 00 00 d5 0b 00 00 | ....9.|.........
[S2] > 0070: d5 0b 2d 00 15 00 00 00 00 00 ee 0b 00 00 ee 0b | ..-.............
[S2] > 0080: 5b 00 e4 00 00 00 00 00 54 0c 00 00 54 0c 14 00 | [.......T...T...
[S2] > 0090: eb 00 00 00 00 00 62 0c 00 00 62 0c 59 00 18 00 | ......b...b.Y...
[S2] > 00a0: 00 00 00 00 64 0c 00 00 64 0c 5f 00 40 00 00 00 | ....d...d._.@...
[S2] > 00b0: 00 00 a0 0c 00 00 a0 0c 77 00 23 00 00 00 00 00 | ........w.#.....
[S2] > 00c0: a1 0c 00 00 a1 0c 1f 00 64 00 00 00 00 00 a2 0c | ........d.......
[S2] > 00d0: 00 00 a2 0c 47 00 a0 00 00 00 00 00 91 0c 00 00 | ....G...........
[S2] > 00e0: 91 0c 78 00 ad 00 00 00 00 00 02 0c 00 00 02 0c | ..x.............
[S2] > 00f0: 66 00 a4 00 00 00 00 00 de 0b 00 00 de 0b 56 00 | f.............V.
[S2] > 0100: 9f 00 00 00 00 00                               | ......
[2026-03-16T22:41:00.875Z] [S2] Sending inventory full sync cmd=0x3f2 container=1 items=2
[2026-03-16T22:41:00.875Z] [S2] > 0000: 40 28 00 04 00 f2 03 01 00 02 00 03 00 00 00 21 | @(.............!
[S2] > 0010: 4e 03 00 00 00 00 00 05 00 00 00 00 04 00 00 00 | N...............
[S2] > 0020: 24 4e 04 00 00 00 00 00 05 00 00 00 00          | $N...........
[2026-03-16T22:41:00.875Z] [S2] Sending quest history cmd=0x3ff sub=0x0e taskId=1 history=0
[2026-03-16T22:41:00.876Z] [S2] > 0000: 40 06 00 05 00 ff 03 0e 01 00 00                | @..........
[2026-03-16T22:41:27.053Z] [S1] RECV pkt flags=0x44 len=6 seq=3
[2026-03-16T22:41:27.054Z] [S1] < 0000: 02 00 13 6b 1e 0d                               | ...k..
[2026-03-16T22:41:27.054Z] [S1] CMD8=0x02 CMD16=0x0002 state=LOGGED_IN
[2026-03-16T22:41:27.054Z] [S1] ASCII: ...k..
[2026-03-16T22:41:27.054Z] [S1] Game packet flags=0x44 cmd8=0x02 cmd16=0x0002
[2026-03-16T22:41:27.054Z] [S1] Sending pong token=0xd1e6b13
[2026-03-16T22:41:27.054Z] [S1] > 0000: 44 06 00 05 00 03 00 13 6b 1e 0d                | D.......k..
[2026-03-16T22:41:30.880Z] [S2] RECV pkt flags=0x44 len=6 seq=1
[2026-03-16T22:41:30.880Z] [S2] < 0000: 02 00 05 7a 1e 0d                               | ...z..
[2026-03-16T22:41:30.880Z] [S2] CMD8=0x02 CMD16=0x0002 state=LOGGED_IN
[2026-03-16T22:41:30.880Z] [S2] ASCII: ...z..
[2026-03-16T22:41:30.880Z] [S2] Game packet flags=0x44 cmd8=0x02 cmd16=0x0002
[2026-03-16T22:41:30.880Z] [S2] Sending pong token=0xd1e7a05
[2026-03-16T22:41:30.880Z] [S2] > 0000: 44 06 00 06 00 03 00 05 7a 1e 0d                | D.......z..
[2026-03-16T22:41:57.059Z] [S1] RECV pkt flags=0x44 len=6 seq=4
[2026-03-16T22:41:57.060Z] [S1] < 0000: 02 00 49 e0 1e 0d                               | ..I...
[2026-03-16T22:41:57.060Z] [S1] CMD8=0x02 CMD16=0x0002 state=LOGGED_IN
[2026-03-16T22:41:57.060Z] [S1] ASCII: ..I...
[2026-03-16T22:41:57.060Z] [S1] Game packet flags=0x44 cmd8=0x02 cmd16=0x0002
[2026-03-16T22:41:57.060Z] [S1] Sending pong token=0xd1ee049
[2026-03-16T22:41:57.060Z] [S1] > 0000: 44 06 00 06 00 03 00 49 e0 1e 0d                | D......I...
[2026-03-16T22:42:00.896Z] [S2] RECV pkt flags=0x44 len=6 seq=2
[2026-03-16T22:42:00.896Z] [S2] < 0000: 02 00 45 ef 1e 0d                               | ..E...
[2026-03-16T22:42:00.896Z] [S2] CMD8=0x02 CMD16=0x0002 state=LOGGED_IN
[2026-03-16T22:42:00.896Z] [S2] ASCII: ..E...
[2026-03-16T22:42:00.896Z] [S2] Game packet flags=0x44 cmd8=0x02 cmd16=0x0002
[2026-03-16T22:42:00.896Z] [S2] Sending pong token=0xd1eef45
[2026-03-16T22:42:00.896Z] [S2] > 0000: 44 06 00 07 00 03 00 45 ef 1e 0d                | D......E...
[2026-03-16T22:42:10.974Z] [S2] RECV pkt flags=0x40 len=7 seq=3
[2026-03-16T22:42:10.975Z] [S2] < 0000: 06 04 4f c0 00 00 00                            | ..O....
[2026-03-16T22:42:10.975Z] [S2] CMD8=0x06 CMD16=0x0406 state=LOGGED_IN
[2026-03-16T22:42:10.975Z] [S2] ASCII: ..O....
[2026-03-16T22:42:10.975Z] [S2] Game packet flags=0x40 cmd8=0x06 cmd16=0x0406
[2026-03-16T22:42:10.975Z] [S2] Combat packet kind=fightClient cmd=0x406 sub=0x4f detail16=192 detail32=192 len=7 inFight=0
[2026-03-16T22:42:27.061Z] [S1] RECV pkt flags=0x44 len=6 seq=5
[2026-03-16T22:42:27.061Z] [S1] < 0000: 02 00 7b 55 1f 0d                               | ..{U..
[2026-03-16T22:42:27.061Z] [S1] CMD8=0x02 CMD16=0x0002 state=LOGGED_IN
[2026-03-16T22:42:27.061Z] [S1] ASCII: ..{U..
[2026-03-16T22:42:27.061Z] [S1] Game packet flags=0x44 cmd8=0x02 cmd16=0x0002
[2026-03-16T22:42:27.061Z] [S1] Sending pong token=0xd1f557b
[2026-03-16T22:42:27.061Z] [S1] > 0000: 44 06 00 07 00 03 00 7b 55 1f 0d                | D......{U..
[2026-03-16T22:42:30.941Z] [S2] RECV pkt flags=0x44 len=6 seq=4
[2026-03-16T22:42:30.941Z] [S2] < 0000: 02 00 a3 64 1f 0d                               | ...d..
[2026-03-16T22:42:30.941Z] [S2] CMD8=0x02 CMD16=0x0002 state=LOGGED_IN
[2026-03-16T22:42:30.941Z] [S2] ASCII: ...d..
[2026-03-16T22:42:30.941Z] [S2] Game packet flags=0x44 cmd8=0x02 cmd16=0x0002
[2026-03-16T22:42:30.941Z] [S2] Sending pong token=0xd1f64a3
[2026-03-16T22:42:30.941Z] [S2] > 0000: 44 06 00 08 00 03 00 a3 64 1f 0d                | D.......d..
[2026-03-16T22:42:57.071Z] [S1] RECV pkt flags=0x44 len=6 seq=6
[2026-03-16T22:42:57.071Z] [S1] < 0000: 02 00 b5 ca 1f 0d                               | ......
[2026-03-16T22:42:57.071Z] [S1] CMD8=0x02 CMD16=0x0002 state=LOGGED_IN
[2026-03-16T22:42:57.071Z] [S1] ASCII: ......
[2026-03-16T22:42:57.071Z] [S1] Game packet flags=0x44 cmd8=0x02 cmd16=0x0002
[2026-03-16T22:42:57.071Z] [S1] Sending pong token=0xd1fcab5
[2026-03-16T22:42:57.071Z] [S1] > 0000: 44 06 00 08 00 03 00 b5 ca 1f 0d                | D..........
[2026-03-16T22:43:00.945Z] [S2] RECV pkt flags=0x44 len=6 seq=5
[2026-03-16T22:43:00.945Z] [S2] < 0000: 02 00 d7 d9 1f 0d                               | ......
[2026-03-16T22:43:00.945Z] [S2] CMD8=0x02 CMD16=0x0002 state=LOGGED_IN
[2026-03-16T22:43:00.945Z] [S2] ASCII: ......
[2026-03-16T22:43:00.945Z] [S2] Game packet flags=0x44 cmd8=0x02 cmd16=0x0002
[2026-03-16T22:43:00.945Z] [S2] Sending pong token=0xd1fd9d7
[2026-03-16T22:43:00.945Z] [S2] > 0000: 44 06 00 09 00 03 00 d7 d9 1f 0d                | D..........
[2026-03-16T22:43:27.076Z] [S1] RECV pkt flags=0x44 len=6 seq=7
[2026-03-16T22:43:27.076Z] [S1] < 0000: 02 00 ea 3f 20 0d                               | ...? .
[2026-03-16T22:43:27.076Z] [S1] CMD8=0x02 CMD16=0x0002 state=LOGGED_IN
[2026-03-16T22:43:27.076Z] [S1] ASCII: ...? .
[2026-03-16T22:43:27.076Z] [S1] Game packet flags=0x44 cmd8=0x02 cmd16=0x0002
[2026-03-16T22:43:27.076Z] [S1] Sending pong token=0xd203fea
[2026-03-16T22:43:27.076Z] [S1] > 0000: 44 06 00 09 00 03 00 ea 3f 20 0d                | D.......? .
[2026-03-16T22:43:30.949Z] [S2] RECV pkt flags=0x44 len=6 seq=6
[2026-03-16T22:43:30.950Z] [S2] < 0000: 02 00 0c 4f 20 0d                               | ...O .
[2026-03-16T22:43:30.950Z] [S2] CMD8=0x02 CMD16=0x0002 state=LOGGED_IN
[2026-03-16T22:43:30.950Z] [S2] ASCII: ...O .
[2026-03-16T22:43:30.950Z] [S2] Game packet flags=0x44 cmd8=0x02 cmd16=0x0002
[2026-03-16T22:43:30.950Z] [S2] Sending pong token=0xd204f0c
[2026-03-16T22:43:30.950Z] [S2] > 0000: 44 06 00 0a 00 03 00 0c 4f 20 0d                | D.......O .
[2026-03-16T22:43:57.089Z] [S1] RECV pkt flags=0x44 len=6 seq=8
[2026-03-16T22:43:57.090Z] [S1] < 0000: 02 00 28 b5 20 0d                               | ..(. .
[2026-03-16T22:43:57.090Z] [S1] CMD8=0x02 CMD16=0x0002 state=LOGGED_IN
[2026-03-16T22:43:57.090Z] [S1] ASCII: ..(. .
[2026-03-16T22:43:57.090Z] [S1] Game packet flags=0x44 cmd8=0x02 cmd16=0x0002
[2026-03-16T22:43:57.090Z] [S1] Sending pong token=0xd20b528
[2026-03-16T22:43:57.090Z] [S1] > 0000: 44 06 00 0a 00 03 00 28 b5 20 0d                | D......(. .
[2026-03-16T22:44:00.955Z] [S2] RECV pkt flags=0x44 len=6 seq=7
[2026-03-16T22:44:00.956Z] [S2] < 0000: 02 00 43 c4 20 0d                               | ..C. .
[2026-03-16T22:44:00.956Z] [S2] CMD8=0x02 CMD16=0x0002 state=LOGGED_IN
[2026-03-16T22:44:00.956Z] [S2] ASCII: ..C. .
[2026-03-16T22:44:00.956Z] [S2] Game packet flags=0x44 cmd8=0x02 cmd16=0x0002
[2026-03-16T22:44:00.956Z] [S2] Sending pong token=0xd20c443
[2026-03-16T22:44:00.956Z] [S2] > 0000: 44 06 00 0b 00 03 00 43 c4 20 0d                | D......C. .
[2026-03-16T22:44:25.226Z] [S2] RECV pkt flags=0x40 len=9 seq=8
[2026-03-16T22:44:25.226Z] [S2] < 0000: f1 03 03 cc 0c 00 00 02 00                      | .........
[2026-03-16T22:44:25.226Z] [S2] CMD8=0xf1 CMD16=0x03f1 state=LOGGED_IN
[2026-03-16T22:44:25.226Z] [S2] ASCII: .........
[2026-03-16T22:44:25.226Z] [S2] Game packet flags=0x40 cmd8=0xf1 cmd16=0x03f1
[2026-03-16T22:44:25.226Z] [S2] Server-run request sub=0x3 npcId=3276 script=2 map=101 pos=25,184
[2026-03-16T22:44:25.227Z] [S2] [accept] task=2 "Spinning" matched
[2026-03-16T22:44:25.227Z] [S2] Quest event source=server-run type=item-granted taskId=2
[2026-03-16T22:44:25.228Z] [S2] Sending item add cmd=0x3f3 templateId=21099 slot=3 qty=1 instanceId=5 name=Spinning Token
[2026-03-16T22:44:25.228Z] [S2] > 0000: 40 14 00 0c 00 f3 03 01 05 00 00 00 6b 52 05 00 | @...........kR..
[S2] > 0010: 00 00 00 00 01 00 00 00 00                      | .........
[2026-03-16T22:44:25.228Z] [S2] Sending inventory full sync cmd=0x3f2 container=1 items=3
[2026-03-16T22:44:25.228Z] [S2] > 0000: 40 39 00 0d 00 f2 03 01 00 03 00 03 00 00 00 21 | @9.............!
[S2] > 0010: 4e 03 00 00 00 00 00 05 00 00 00 00 04 00 00 00 | N...............
[S2] > 0020: 24 4e 04 00 00 00 00 00 05 00 00 00 00 05 00 00 | $N..............
[S2] > 0030: 00 6b 52 05 00 00 00 00 00 01 00 00 00 00       | .kR...........
[2026-03-16T22:44:25.228Z] [S2] Sending dialogue cmd=0x3e7 sub=0x1 speaker="Quest"
[2026-03-16T22:44:25.228Z] [S2] > 0000: 40 37 00 0e 00 e7 03 01 00 06 00 51 75 65 73 74 | @7.........Quest
[S2] > 0010: 00 27 00 53 70 69 6e 6e 69 6e 67 20 54 6f 6b 65 | .'.Spinning Toke
[S2] > 0020: 6e 20 77 61 73 20 61 64 64 65 64 20 74 6f 20 79 | n was added to y
[S2] > 0030: 6f 75 72 20 70 61 63 6b 2e 00 00 00             | our pack....
[2026-03-16T22:44:25.228Z] [S2] Quest event source=server-run type=accepted taskId=2 status=0 markerNpcId=3277 step="Bring Blacksmith's quest item to Candy."
[2026-03-16T22:44:25.228Z] [S2] Sending quest accept cmd=0x3ff sub=0x03 taskId=2
[2026-03-16T22:44:25.228Z] [S2] > 0000: 40 05 00 0f 00 ff 03 03 02 00                   | @.........
[2026-03-16T22:44:25.229Z] [S2] Sending quest marker cmd=0x3ff sub=0x0c taskId=2 npcId=3277
[2026-03-16T22:44:25.229Z] [S2] > 0000: 40 09 00 10 00 ff 03 0c 02 00 cd 0c 00 00       | @.............
[2026-03-16T22:44:25.229Z] [S2] Sending dialogue cmd=0x3e7 sub=0x1 speaker="Quest"
[2026-03-16T22:44:25.229Z] [S2] > 0000: 40 7b 00 11 00 e7 03 01 00 06 00 51 75 65 73 74 | @{.........Quest
[S2] > 0010: 00 6b 00 53 70 69 6e 6e 69 6e 67 20 69 73 20 61 | .k.Spinning is a
[S2] > 0020: 63 74 69 76 65 2e 20 42 6c 61 63 6b 73 6d 69 74 | ctive. Blacksmit
[S2] > 0030: 68 20 61 73 6b 65 64 20 79 6f 75 20 74 6f 20 68 | h asked you to h
[S2] > 0040: 65 6c 70 20 43 61 6e 64 79 2e 20 4f 62 6a 65 63 | elp Candy. Objec
[S2] > 0050: 74 69 76 65 3a 20 42 72 69 6e 67 20 42 6c 61 63 | tive: Bring Blac
[S2] > 0060: 6b 73 6d 69 74 68 27 73 20 71 75 65 73 74 20 69 | ksmith's quest i
[S2] > 0070: 74 65 6d 20 74 6f 20 43 61 6e 64 79 2e 00 00 00 | tem to Candy....
[2026-03-16T22:44:25.230Z] [S2] Persisted character "NeoE5F" for account "0000001"
[2026-03-16T22:44:27.095Z] [S1] RECV pkt flags=0x44 len=6 seq=9
[2026-03-16T22:44:27.095Z] [S1] < 0000: 02 00 5e 2a 21 0d                               | ..^*!.
[2026-03-16T22:44:27.095Z] [S1] CMD8=0x02 CMD16=0x0002 state=LOGGED_IN
[2026-03-16T22:44:27.095Z] [S1] ASCII: ..^*!.
[2026-03-16T22:44:27.095Z] [S1] Game packet flags=0x44 cmd8=0x02 cmd16=0x0002
[2026-03-16T22:44:27.095Z] [S1] Sending pong token=0xd212a5e
[2026-03-16T22:44:27.095Z] [S1] > 0000: 44 06 00 0b 00 03 00 5e 2a 21 0d                | D......^*!.
[2026-03-16T22:44:29.672Z] [S2] RECV pkt flags=0x40 len=7 seq=9
[2026-03-16T22:44:29.672Z] [S2] < 0000: 06 04 4f c0 00 02 00                            | ..O....
[2026-03-16T22:44:29.672Z] [S2] CMD8=0x06 CMD16=0x0406 state=LOGGED_IN
[2026-03-16T22:44:29.673Z] [S2] ASCII: ..O....
[2026-03-16T22:44:29.673Z] [S2] Game packet flags=0x40 cmd8=0x06 cmd16=0x0406
[2026-03-16T22:44:29.673Z] [S2] Combat packet kind=fightClient cmd=0x406 sub=0x4f detail16=192 detail32=131264 len=7 inFight=0
[2026-03-16T22:44:30.958Z] [S2] RECV pkt flags=0x44 len=6 seq=10
[2026-03-16T22:44:30.958Z] [S2] < 0000: 02 00 76 39 21 0d                               | ..v9!.
[2026-03-16T22:44:30.958Z] [S2] CMD8=0x02 CMD16=0x0002 state=LOGGED_IN
[2026-03-16T22:44:30.958Z] [S2] ASCII: ..v9!.
[2026-03-16T22:44:30.958Z] [S2] Game packet flags=0x44 cmd8=0x02 cmd16=0x0002
[2026-03-16T22:44:30.958Z] [S2] Sending pong token=0xd213976
[2026-03-16T22:44:30.958Z] [S2] > 0000: 44 06 00 12 00 03 00 76 39 21 0d                | D......v9!.
[2026-03-16T22:44:35.214Z] [S2] RECV pkt flags=0x40 len=9 seq=11
[2026-03-16T22:44:35.214Z] [S2] < 0000: f1 03 08 cd 0c 00 00 02 00                      | .........
[2026-03-16T22:44:35.214Z] [S2] CMD8=0xf1 CMD16=0x03f1 state=LOGGED_IN
[2026-03-16T22:44:35.214Z] [S2] ASCII: .........
[2026-03-16T22:44:35.214Z] [S2] Game packet flags=0x40 cmd8=0xf1 cmd16=0x03f1
[2026-03-16T22:44:35.214Z] [S2] Server-run request sub=0x8 npcId=3277 script=2 map=101 pos=25,184
[2026-03-16T22:44:35.214Z] [S2] [step] task=2 "Spinning" step=0 matched: Bring Blacksmith's quest item to Candy.
[2026-03-16T22:44:35.214Z] [S2] Quest event source=server-run type=item-consumed taskId=2
[2026-03-16T22:44:35.215Z] [S2] Sending item remove cmd=0x3f4 instanceId=5
[2026-03-16T22:44:35.215Z] [S2] > 0000: 40 07 00 13 00 f4 03 01 05 00 00 00             | @...........
[2026-03-16T22:44:35.215Z] [S2] Sending inventory full sync cmd=0x3f2 container=1 items=2
[2026-03-16T22:44:35.215Z] [S2] > 0000: 40 28 00 14 00 f2 03 01 00 02 00 03 00 00 00 21 | @(.............!
[S2] > 0010: 4e 03 00 00 00 00 00 05 00 00 00 00 04 00 00 00 | N...............
[S2] > 0020: 24 4e 04 00 00 00 00 00 05 00 00 00 00          | $N...........
[2026-03-16T22:44:35.215Z] [S2] Sending dialogue cmd=0x3e7 sub=0x1 speaker="Quest"
[2026-03-16T22:44:35.215Z] [S2] > 0000: 40 2c 00 15 00 e7 03 01 00 06 00 51 75 65 73 74 | @,.........Quest
[S2] > 0010: 00 1c 00 51 75 65 73 74 20 69 74 65 6d 20 77 61 | ...Quest item wa
[S2] > 0020: 73 20 68 61 6e 64 65 64 20 6f 76 65 72 2e 00 00 | s handed over...
[S2] > 0030: 00                                              | .
[2026-03-16T22:44:35.215Z] [S2] Quest event source=server-run type=advanced taskId=2 status=1 markerNpcId=3277 step="Bring 10 Dragonfly quest items back to Candy."
[2026-03-16T22:44:35.215Z] [S2] Sending quest update cmd=0x3ff sub=0x08 taskId=2 status=1
[2026-03-16T22:44:35.215Z] [S2] > 0000: 40 07 00 16 00 ff 03 08 02 00 01 00             | @...........
[2026-03-16T22:44:35.215Z] [S2] Sending quest marker cmd=0x3ff sub=0x0c taskId=2 npcId=3277
[2026-03-16T22:44:35.215Z] [S2] > 0000: 40 09 00 17 00 ff 03 0c 02 00 cd 0c 00 00       | @.............
[2026-03-16T22:44:35.215Z] [S2] Sending dialogue cmd=0x3e7 sub=0x1 speaker="Quest"
[2026-03-16T22:44:35.215Z] [S2] > 0000: 40 57 00 18 00 e7 03 01 00 06 00 51 75 65 73 74 | @W.........Quest
[S2] > 0010: 00 47 00 51 75 65 73 74 20 75 70 64 61 74 65 64 | .G.Quest updated
[S2] > 0020: 3a 20 53 70 69 6e 6e 69 6e 67 2e 20 42 72 69 6e | : Spinning. Brin
[S2] > 0030: 67 20 31 30 20 44 72 61 67 6f 6e 66 6c 79 20 71 | g 10 Dragonfly q
[S2] > 0040: 75 65 73 74 20 69 74 65 6d 73 20 62 61 63 6b 20 | uest items back 
[S2] > 0050: 74 6f 20 43 61 6e 64 79 2e 00 00 00             | to Candy....
[2026-03-16T22:44:35.216Z] [S2] Persisted character "NeoE5F" for account "0000001"
[2026-03-16T22:44:38.081Z] [S2] RECV pkt flags=0x40 len=7 seq=12
[2026-03-16T22:44:38.082Z] [S2] < 0000: 06 04 4f c4 00 02 00                            | ..O....
[2026-03-16T22:44:38.082Z] [S2] CMD8=0x06 CMD16=0x0406 state=LOGGED_IN
[2026-03-16T22:44:38.082Z] [S2] ASCII: ..O....
[2026-03-16T22:44:38.082Z] [S2] Game packet flags=0x40 cmd8=0x06 cmd16=0x0406
[2026-03-16T22:44:38.082Z] [S2] Combat packet kind=fightClient cmd=0x406 sub=0x4f detail16=196 detail32=131268 len=7 inFight=0
[2026-03-16T22:44:49.729Z] [S2] RECV pkt flags=0x40 len=7 seq=13
[2026-03-16T22:44:49.730Z] [S2] < 0000: 06 04 4f c6 00 02 00                            | ..O....
[2026-03-16T22:44:49.730Z] [S2] CMD8=0x06 CMD16=0x0406 state=LOGGED_IN
[2026-03-16T22:44:49.730Z] [S2] ASCII: ..O....
[2026-03-16T22:44:49.730Z] [S2] Game packet flags=0x40 cmd8=0x06 cmd16=0x0406
[2026-03-16T22:44:49.730Z] [S2] Combat packet kind=fightClient cmd=0x406 sub=0x4f detail16=198 detail32=131270 len=7 inFight=0
[2026-03-16T22:44:52.286Z] [S2] RECV pkt flags=0x40 len=8 seq=14
[2026-03-16T22:44:52.286Z] [S2] < 0000: eb 03 19 00 b8 00 65 00                         | ......e.
[2026-03-16T22:44:52.287Z] [S2] CMD8=0xeb CMD16=0x03eb state=LOGGED_IN
[2026-03-16T22:44:52.287Z] [S2] ASCII: ......e.
[2026-03-16T22:44:52.287Z] [S2] Game packet flags=0x40 cmd8=0xeb cmd16=0x03eb
[2026-03-16T22:44:52.287Z] [S2] Position update map=101 pos=25,184
[2026-03-16T22:44:52.304Z] [S2] Persisted character "NeoE5F" for account "0000001"
[2026-03-16T22:44:52.306Z] [S2] Persisted character "NeoE5F" for account "0000001"
[2026-03-16T22:44:52.795Z] [S2] RECV pkt flags=0x40 len=8 seq=15
[2026-03-16T22:44:52.796Z] [S2] < 0000: eb 03 1d 00 b8 00 65 00                         | ......e.
[2026-03-16T22:44:52.796Z] [S2] CMD8=0xeb CMD16=0x03eb state=LOGGED_IN
[2026-03-16T22:44:52.796Z] [S2] ASCII: ......e.
[2026-03-16T22:44:52.796Z] [S2] Game packet flags=0x40 cmd8=0xeb cmd16=0x03eb
[2026-03-16T22:44:52.796Z] [S2] Position update map=101 pos=29,184
[2026-03-16T22:44:52.798Z] [S2] Persisted character "NeoE5F" for account "0000001"
[2026-03-16T22:44:52.799Z] [S2] Persisted character "NeoE5F" for account "0000001"
[2026-03-16T22:44:53.304Z] [S2] RECV pkt flags=0x40 len=8 seq=16
[2026-03-16T22:44:53.304Z] [S2] < 0000: eb 03 22 00 b5 00 65 00                         | .."...e.
[2026-03-16T22:44:53.304Z] [S2] CMD8=0xeb CMD16=0x03eb state=LOGGED_IN
[2026-03-16T22:44:53.305Z] [S2] ASCII: .."...e.
[2026-03-16T22:44:53.305Z] [S2] Game packet flags=0x40 cmd8=0xeb cmd16=0x03eb
[2026-03-16T22:44:53.305Z] [S2] Position update map=101 pos=34,181
[2026-03-16T22:44:53.306Z] [S2] Persisted character "NeoE5F" for account "0000001"
[2026-03-16T22:44:53.307Z] [S2] Persisted character "NeoE5F" for account "0000001"
[2026-03-16T22:44:53.814Z] [S2] RECV pkt flags=0x40 len=8 seq=17
[2026-03-16T22:44:53.814Z] [S2] < 0000: eb 03 25 00 b0 00 65 00                         | ..%...e.
[2026-03-16T22:44:53.814Z] [S2] CMD8=0xeb CMD16=0x03eb state=LOGGED_IN
[2026-03-16T22:44:53.814Z] [S2] ASCII: ..%...e.
[2026-03-16T22:44:53.814Z] [S2] Game packet flags=0x40 cmd8=0xeb cmd16=0x03eb
[2026-03-16T22:44:53.814Z] [S2] Position update map=101 pos=37,176
[2026-03-16T22:44:53.816Z] [S2] Persisted character "NeoE5F" for account "0000001"
[2026-03-16T22:44:53.817Z] [S2] Persisted character "NeoE5F" for account "0000001"
[2026-03-16T22:44:54.325Z] [S2] RECV pkt flags=0x40 len=8 seq=18
[2026-03-16T22:44:54.325Z] [S2] < 0000: eb 03 28 00 ac 00 65 00                         | ..(...e.
[2026-03-16T22:44:54.325Z] [S2] CMD8=0xeb CMD16=0x03eb state=LOGGED_IN
[2026-03-16T22:44:54.325Z] [S2] ASCII: ..(...e.
[2026-03-16T22:44:54.325Z] [S2] Game packet flags=0x40 cmd8=0xeb cmd16=0x03eb
[2026-03-16T22:44:54.326Z] [S2] Position update map=101 pos=40,172
[2026-03-16T22:44:54.326Z] [S2] Persisted character "NeoE5F" for account "0000001"
[2026-03-16T22:44:54.328Z] [S2] Persisted character "NeoE5F" for account "0000001"
[2026-03-16T22:44:54.831Z] [S2] RECV pkt flags=0x40 len=8 seq=19
[2026-03-16T22:44:54.832Z] [S2] < 0000: eb 03 2c 00 a9 00 65 00                         | ..,...e.
[2026-03-16T22:44:54.832Z] [S2] CMD8=0xeb CMD16=0x03eb state=LOGGED_IN
[2026-03-16T22:44:54.832Z] [S2] ASCII: ..,...e.
[2026-03-16T22:44:54.832Z] [S2] Game packet flags=0x40 cmd8=0xeb cmd16=0x03eb
[2026-03-16T22:44:54.832Z] [S2] Position update map=101 pos=44,169
[2026-03-16T22:44:54.832Z] [S2] Persisted character "NeoE5F" for account "0000001"
[2026-03-16T22:44:54.833Z] [S2] Persisted character "NeoE5F" for account "0000001"
[2026-03-16T22:44:55.363Z] [S2] RECV pkt flags=0x40 len=8 seq=20
[2026-03-16T22:44:55.363Z] [S2] < 0000: eb 03 2f 00 a4 00 65 00                         | ../...e.
[2026-03-16T22:44:55.363Z] [S2] CMD8=0xeb CMD16=0x03eb state=LOGGED_IN
[2026-03-16T22:44:55.364Z] [S2] ASCII: ../...e.
[2026-03-16T22:44:55.364Z] [S2] Game packet flags=0x40 cmd8=0xeb cmd16=0x03eb
[2026-03-16T22:44:55.364Z] [S2] Position update map=101 pos=47,164
[2026-03-16T22:44:55.365Z] [S2] Persisted character "NeoE5F" for account "0000001"
[2026-03-16T22:44:55.366Z] [S2] Persisted character "NeoE5F" for account "0000001"
[2026-03-16T22:44:55.873Z] [S2] RECV pkt flags=0x40 len=8 seq=21
[2026-03-16T22:44:55.873Z] [S2] < 0000: eb 03 32 00 a0 00 65 00                         | ..2...e.
[2026-03-16T22:44:55.873Z] [S2] CMD8=0xeb CMD16=0x03eb state=LOGGED_IN
[2026-03-16T22:44:55.873Z] [S2] ASCII: ..2...e.
[2026-03-16T22:44:55.873Z] [S2] Game packet flags=0x40 cmd8=0xeb cmd16=0x03eb
[2026-03-16T22:44:55.873Z] [S2] Position update map=101 pos=50,160
[2026-03-16T22:44:55.874Z] [S2] Persisted character "NeoE5F" for account "0000001"
[2026-03-16T22:44:55.876Z] [S2] Persisted character "NeoE5F" for account "0000001"
[2026-03-16T22:44:56.379Z] [S2] RECV pkt flags=0x40 len=8 seq=22
[2026-03-16T22:44:56.379Z] [S2] < 0000: eb 03 36 00 9b 00 65 00                         | ..6...e.
[2026-03-16T22:44:56.379Z] [S2] CMD8=0xeb CMD16=0x03eb state=LOGGED_IN
[2026-03-16T22:44:56.379Z] [S2] ASCII: ..6...e.
[2026-03-16T22:44:56.379Z] [S2] Game packet flags=0x40 cmd8=0xeb cmd16=0x03eb
[2026-03-16T22:44:56.379Z] [S2] Position update map=101 pos=54,155
[2026-03-16T22:44:56.380Z] [S2] Persisted character "NeoE5F" for account "0000001"
[2026-03-16T22:44:56.382Z] [S2] Persisted character "NeoE5F" for account "0000001"
[2026-03-16T22:44:56.888Z] [S2] RECV pkt flags=0x40 len=8 seq=23
[2026-03-16T22:44:56.888Z] [S2] < 0000: eb 03 39 00 94 00 65 00                         | ..9...e.
[2026-03-16T22:44:56.888Z] [S2] CMD8=0xeb CMD16=0x03eb state=LOGGED_IN
[2026-03-16T22:44:56.888Z] [S2] ASCII: ..9...e.
[2026-03-16T22:44:56.888Z] [S2] Game packet flags=0x40 cmd8=0xeb cmd16=0x03eb
[2026-03-16T22:44:56.888Z] [S2] Position update map=101 pos=57,148
[2026-03-16T22:44:56.889Z] [S2] Persisted character "NeoE5F" for account "0000001"
[2026-03-16T22:44:56.890Z] [S2] Persisted character "NeoE5F" for account "0000001"
[2026-03-16T22:44:57.109Z] [S1] RECV pkt flags=0x44 len=6 seq=10
[2026-03-16T22:44:57.109Z] [S1] < 0000: 02 00 9d 9f 21 0d                               | ....!.
[2026-03-16T22:44:57.109Z] [S1] CMD8=0x02 CMD16=0x0002 state=LOGGED_IN
[2026-03-16T22:44:57.109Z] [S1] ASCII: ....!.
[2026-03-16T22:44:57.109Z] [S1] Game packet flags=0x44 cmd8=0x02 cmd16=0x0002
[2026-03-16T22:44:57.109Z] [S1] Sending pong token=0xd219f9d
[2026-03-16T22:44:57.109Z] [S1] > 0000: 44 06 00 0c 00 03 00 9d 9f 21 0d                | D........!.
[2026-03-16T22:44:57.401Z] [S2] RECV pkt flags=0x40 len=8 seq=24
[2026-03-16T22:44:57.401Z] [S2] < 0000: eb 03 3d 00 8d 00 65 00                         | ..=...e.
[2026-03-16T22:44:57.401Z] [S2] CMD8=0xeb CMD16=0x03eb state=LOGGED_IN
[2026-03-16T22:44:57.401Z] [S2] ASCII: ..=...e.
[2026-03-16T22:44:57.401Z] [S2] Game packet flags=0x40 cmd8=0xeb cmd16=0x03eb
[2026-03-16T22:44:57.401Z] [S2] Position update map=101 pos=61,141
[2026-03-16T22:44:57.402Z] [S2] Persisted character "NeoE5F" for account "0000001"
[2026-03-16T22:44:57.404Z] [S2] Persisted character "NeoE5F" for account "0000001"
[2026-03-16T22:44:57.904Z] [S2] RECV pkt flags=0x40 len=8 seq=25
[2026-03-16T22:44:57.905Z] [S2] < 0000: eb 03 40 00 85 00 65 00                         | ..@...e.
[2026-03-16T22:44:57.905Z] [S2] CMD8=0xeb CMD16=0x03eb state=LOGGED_IN
[2026-03-16T22:44:57.905Z] [S2] ASCII: ..@...e.
[2026-03-16T22:44:57.905Z] [S2] Game packet flags=0x40 cmd8=0xeb cmd16=0x03eb
[2026-03-16T22:44:57.905Z] [S2] Position update map=101 pos=64,133
[2026-03-16T22:44:57.906Z] [S2] Persisted character "NeoE5F" for account "0000001"
[2026-03-16T22:44:57.908Z] [S2] Persisted character "NeoE5F" for account "0000001"
[2026-03-16T22:44:58.411Z] [S2] RECV pkt flags=0x40 len=8 seq=26
[2026-03-16T22:44:58.411Z] [S2] < 0000: eb 03 42 00 7e 00 65 00                         | ..B.~.e.
[2026-03-16T22:44:58.412Z] [S2] CMD8=0xeb CMD16=0x03eb state=LOGGED_IN
[2026-03-16T22:44:58.412Z] [S2] ASCII: ..B.~.e.
[2026-03-16T22:44:58.412Z] [S2] Game packet flags=0x40 cmd8=0xeb cmd16=0x03eb
[2026-03-16T22:44:58.412Z] [S2] Position update map=101 pos=66,126
[2026-03-16T22:44:58.412Z] [S2] Persisted character "NeoE5F" for account "0000001"
[2026-03-16T22:44:58.414Z] [S2] Persisted character "NeoE5F" for account "0000001"
[2026-03-16T22:44:58.919Z] [S2] RECV pkt flags=0x40 len=8 seq=27
[2026-03-16T22:44:58.919Z] [S2] < 0000: eb 03 45 00 75 00 65 00                         | ..E.u.e.
[2026-03-16T22:44:58.919Z] [S2] CMD8=0xeb CMD16=0x03eb state=LOGGED_IN
[2026-03-16T22:44:58.919Z] [S2] ASCII: ..E.u.e.
[2026-03-16T22:44:58.919Z] [S2] Game packet flags=0x40 cmd8=0xeb cmd16=0x03eb
[2026-03-16T22:44:58.919Z] [S2] Position update map=101 pos=69,117
[2026-03-16T22:44:58.920Z] [S2] Persisted character "NeoE5F" for account "0000001"
[2026-03-16T22:44:58.921Z] [S2] Persisted character "NeoE5F" for account "0000001"
[2026-03-16T22:44:59.430Z] [S2] RECV pkt flags=0x40 len=8 seq=28
[2026-03-16T22:44:59.430Z] [S2] < 0000: eb 03 48 00 6e 00 65 00                         | ..H.n.e.
[2026-03-16T22:44:59.430Z] [S2] CMD8=0xeb CMD16=0x03eb state=LOGGED_IN
[2026-03-16T22:44:59.430Z] [S2] ASCII: ..H.n.e.
[2026-03-16T22:44:59.430Z] [S2] Game packet flags=0x40 cmd8=0xeb cmd16=0x03eb
[2026-03-16T22:44:59.430Z] [S2] Position update map=101 pos=72,110
[2026-03-16T22:44:59.431Z] [S2] Persisted character "NeoE5F" for account "0000001"
[2026-03-16T22:44:59.433Z] [S2] Persisted character "NeoE5F" for account "0000001"
[2026-03-16T22:44:59.931Z] [S2] RECV pkt flags=0x40 len=8 seq=29
[2026-03-16T22:44:59.931Z] [S2] < 0000: eb 03 4b 00 66 00 65 00                         | ..K.f.e.
[2026-03-16T22:44:59.931Z] [S2] CMD8=0xeb CMD16=0x03eb state=LOGGED_IN
[2026-03-16T22:44:59.931Z] [S2] ASCII: ..K.f.e.
[2026-03-16T22:44:59.931Z] [S2] Game packet flags=0x40 cmd8=0xeb cmd16=0x03eb
[2026-03-16T22:44:59.931Z] [S2] Position update map=101 pos=75,102
[2026-03-16T22:44:59.932Z] [S2] Persisted character "NeoE5F" for account "0000001"
[2026-03-16T22:44:59.933Z] [S2] Persisted character "NeoE5F" for account "0000001"
[2026-03-16T22:45:00.434Z] [S2] RECV pkt flags=0x40 len=8 seq=30
[2026-03-16T22:45:00.434Z] [S2] < 0000: eb 03 4e 00 60 00 65 00                         | ..N.`.e.
[2026-03-16T22:45:00.434Z] [S2] CMD8=0xeb CMD16=0x03eb state=LOGGED_IN
[2026-03-16T22:45:00.434Z] [S2] ASCII: ..N.`.e.
[2026-03-16T22:45:00.434Z] [S2] Game packet flags=0x40 cmd8=0xeb cmd16=0x03eb
[2026-03-16T22:45:00.434Z] [S2] Position update map=101 pos=78,96
[2026-03-16T22:45:00.435Z] [S2] Persisted character "NeoE5F" for account "0000001"
[2026-03-16T22:45:00.436Z] [S2] Persisted character "NeoE5F" for account "0000001"
[2026-03-16T22:45:00.945Z] [S2] RECV pkt flags=0x40 len=8 seq=31
[2026-03-16T22:45:00.945Z] [S2] < 0000: eb 03 52 00 5a 00 65 00                         | ..R.Z.e.
[2026-03-16T22:45:00.945Z] [S2] CMD8=0xeb CMD16=0x03eb state=LOGGED_IN
[2026-03-16T22:45:00.945Z] [S2] ASCII: ..R.Z.e.
[2026-03-16T22:45:00.945Z] [S2] Game packet flags=0x40 cmd8=0xeb cmd16=0x03eb
[2026-03-16T22:45:00.945Z] [S2] Position update map=101 pos=82,90
[2026-03-16T22:45:00.947Z] [S2] Persisted character "NeoE5F" for account "0000001"
[2026-03-16T22:45:00.948Z] [S2] Persisted character "NeoE5F" for account "0000001"
[2026-03-16T22:45:00.963Z] [S2] RECV pkt flags=0x44 len=6 seq=32
[2026-03-16T22:45:00.963Z] [S2] < 0000: 02 00 ab ae 21 0d                               | ....!.
[2026-03-16T22:45:00.963Z] [S2] CMD8=0x02 CMD16=0x0002 state=LOGGED_IN
[2026-03-16T22:45:00.963Z] [S2] ASCII: ....!.
[2026-03-16T22:45:00.963Z] [S2] Game packet flags=0x44 cmd8=0x02 cmd16=0x0002
[2026-03-16T22:45:00.963Z] [S2] Sending pong token=0xd21aeab
[2026-03-16T22:45:00.963Z] [S2] > 0000: 44 06 00 19 00 03 00 ab ae 21 0d                | D........!.
[2026-03-16T22:45:01.455Z] [S2] RECV pkt flags=0x40 len=8 seq=33
[2026-03-16T22:45:01.455Z] [S2] < 0000: eb 03 56 00 53 00 65 00                         | ..V.S.e.
[2026-03-16T22:45:01.455Z] [S2] CMD8=0xeb CMD16=0x03eb state=LOGGED_IN
[2026-03-16T22:45:01.455Z] [S2] ASCII: ..V.S.e.
[2026-03-16T22:45:01.455Z] [S2] Game packet flags=0x40 cmd8=0xeb cmd16=0x03eb
[2026-03-16T22:45:01.455Z] [S2] Position update map=101 pos=86,83
[2026-03-16T22:45:01.456Z] [S2] Persisted character "NeoE5F" for account "0000001"
[2026-03-16T22:45:01.458Z] [S2] Persisted character "NeoE5F" for account "0000001"
[2026-03-16T22:45:01.972Z] [S2] RECV pkt flags=0x40 len=8 seq=34
[2026-03-16T22:45:01.972Z] [S2] < 0000: eb 03 5a 00 4d 00 65 00                         | ..Z.M.e.
[2026-03-16T22:45:01.972Z] [S2] CMD8=0xeb CMD16=0x03eb state=LOGGED_IN
[2026-03-16T22:45:01.972Z] [S2] ASCII: ..Z.M.e.
[2026-03-16T22:45:01.972Z] [S2] Game packet flags=0x40 cmd8=0xeb cmd16=0x03eb
[2026-03-16T22:45:01.972Z] [S2] Position update map=101 pos=90,77
[2026-03-16T22:45:01.974Z] [S2] Persisted character "NeoE5F" for account "0000001"
[2026-03-16T22:45:01.975Z] [S2] Persisted character "NeoE5F" for account "0000001"
[2026-03-16T22:45:02.475Z] [S2] RECV pkt flags=0x40 len=8 seq=35
[2026-03-16T22:45:02.475Z] [S2] < 0000: eb 03 5e 00 48 00 65 00                         | ..^.H.e.
[2026-03-16T22:45:02.475Z] [S2] CMD8=0xeb CMD16=0x03eb state=LOGGED_IN
[2026-03-16T22:45:02.475Z] [S2] ASCII: ..^.H.e.
[2026-03-16T22:45:02.475Z] [S2] Game packet flags=0x40 cmd8=0xeb cmd16=0x03eb
[2026-03-16T22:45:02.475Z] [S2] Position update map=101 pos=94,72
[2026-03-16T22:45:02.476Z] [S2] Persisted character "NeoE5F" for account "0000001"
[2026-03-16T22:45:02.478Z] [S2] Persisted character "NeoE5F" for account "0000001"
[2026-03-16T22:45:02.976Z] [S2] RECV pkt flags=0x40 len=8 seq=36
[2026-03-16T22:45:02.976Z] [S2] < 0000: eb 03 62 00 42 00 65 00                         | ..b.B.e.
[2026-03-16T22:45:02.976Z] [S2] CMD8=0xeb CMD16=0x03eb state=LOGGED_IN
[2026-03-16T22:45:02.976Z] [S2] ASCII: ..b.B.e.
[2026-03-16T22:45:02.976Z] [S2] Game packet flags=0x40 cmd8=0xeb cmd16=0x03eb
[2026-03-16T22:45:02.976Z] [S2] Position update map=101 pos=98,66
[2026-03-16T22:45:02.977Z] [S2] Persisted character "NeoE5F" for account "0000001"
[2026-03-16T22:45:02.979Z] [S2] Persisted character "NeoE5F" for account "0000001"
[2026-03-16T22:45:03.487Z] [S2] RECV pkt flags=0x40 len=8 seq=37
[2026-03-16T22:45:03.487Z] [S2] < 0000: eb 03 65 00 3b 00 65 00                         | ..e.;.e.
[2026-03-16T22:45:03.487Z] [S2] CMD8=0xeb CMD16=0x03eb state=LOGGED_IN
[2026-03-16T22:45:03.487Z] [S2] ASCII: ..e.;.e.
[2026-03-16T22:45:03.487Z] [S2] Game packet flags=0x40 cmd8=0xeb cmd16=0x03eb
[2026-03-16T22:45:03.487Z] [S2] Position update map=101 pos=101,59
[2026-03-16T22:45:03.488Z] [S2] Persisted character "NeoE5F" for account "0000001"
[2026-03-16T22:45:03.490Z] [S2] Persisted character "NeoE5F" for account "0000001"
[2026-03-16T22:45:03.999Z] [S2] RECV pkt flags=0x40 len=8 seq=38
[2026-03-16T22:45:04.000Z] [S2] < 0000: eb 03 63 00 35 00 65 00                         | ..c.5.e.
[2026-03-16T22:45:04.000Z] [S2] CMD8=0xeb CMD16=0x03eb state=LOGGED_IN
[2026-03-16T22:45:04.000Z] [S2] ASCII: ..c.5.e.
[2026-03-16T22:45:04.000Z] [S2] Game packet flags=0x40 cmd8=0xeb cmd16=0x03eb
[2026-03-16T22:45:04.000Z] [S2] Position update map=101 pos=99,53
[2026-03-16T22:45:04.001Z] [S2] Persisted character "NeoE5F" for account "0000001"
[2026-03-16T22:45:04.003Z] [S2] Persisted character "NeoE5F" for account "0000001"
[2026-03-16T22:45:04.506Z] [S2] RECV pkt flags=0x40 len=8 seq=39
[2026-03-16T22:45:04.506Z] [S2] < 0000: eb 03 5f 00 30 00 65 00                         | .._.0.e.
[2026-03-16T22:45:04.506Z] [S2] CMD8=0xeb CMD16=0x03eb state=LOGGED_IN
[2026-03-16T22:45:04.506Z] [S2] ASCII: .._.0.e.
[2026-03-16T22:45:04.506Z] [S2] Game packet flags=0x40 cmd8=0xeb cmd16=0x03eb
[2026-03-16T22:45:04.506Z] [S2] Position update map=101 pos=95,48
[2026-03-16T22:45:04.507Z] [S2] Persisted character "NeoE5F" for account "0000001"
[2026-03-16T22:45:04.509Z] [S2] Persisted character "NeoE5F" for account "0000001"
[2026-03-16T22:45:05.022Z] [S2] RECV pkt flags=0x40 len=8 seq=40
[2026-03-16T22:45:05.022Z] [S2] < 0000: eb 03 5b 00 2b 00 65 00                         | ..[.+.e.
[2026-03-16T22:45:05.022Z] [S2] CMD8=0xeb CMD16=0x03eb state=LOGGED_IN
[2026-03-16T22:45:05.022Z] [S2] ASCII: ..[.+.e.
[2026-03-16T22:45:05.022Z] [S2] Game packet flags=0x40 cmd8=0xeb cmd16=0x03eb
[2026-03-16T22:45:05.022Z] [S2] Position update map=101 pos=91,43
[2026-03-16T22:45:05.023Z] [S2] Persisted character "NeoE5F" for account "0000001"
[2026-03-16T22:45:05.024Z] [S2] Persisted character "NeoE5F" for account "0000001"
[2026-03-16T22:45:05.532Z] [S2] RECV pkt flags=0x40 len=8 seq=41
[2026-03-16T22:45:05.532Z] [S2] < 0000: eb 03 57 00 26 00 65 00                         | ..W.&.e.
[2026-03-16T22:45:05.532Z] [S2] CMD8=0xeb CMD16=0x03eb state=LOGGED_IN
[2026-03-16T22:45:05.532Z] [S2] ASCII: ..W.&.e.
[2026-03-16T22:45:05.532Z] [S2] Game packet flags=0x40 cmd8=0xeb cmd16=0x03eb
[2026-03-16T22:45:05.532Z] [S2] Position update map=101 pos=87,38
[2026-03-16T22:45:05.533Z] [S2] Persisted character "NeoE5F" for account "0000001"
[2026-03-16T22:45:05.533Z] [S2] Persisted character "NeoE5F" for account "0000001"
[2026-03-16T22:45:06.047Z] [S2] RECV pkt flags=0x40 len=8 seq=42
[2026-03-16T22:45:06.047Z] [S2] < 0000: eb 03 53 00 20 00 65 00                         | ..S. .e.
[2026-03-16T22:45:06.047Z] [S2] CMD8=0xeb CMD16=0x03eb state=LOGGED_IN
[2026-03-16T22:45:06.047Z] [S2] ASCII: ..S. .e.
[2026-03-16T22:45:06.047Z] [S2] Game packet flags=0x40 cmd8=0xeb cmd16=0x03eb
[2026-03-16T22:45:06.047Z] [S2] Position update map=101 pos=83,32
[2026-03-16T22:45:06.048Z] [S2] Persisted character "NeoE5F" for account "0000001"
[2026-03-16T22:45:06.050Z] [S2] Persisted character "NeoE5F" for account "0000001"
[2026-03-16T22:45:06.552Z] [S2] RECV pkt flags=0x40 len=8 seq=43
[2026-03-16T22:45:06.552Z] [S2] < 0000: eb 03 4f 00 1a 00 65 00                         | ..O...e.
[2026-03-16T22:45:06.552Z] [S2] CMD8=0xeb CMD16=0x03eb state=LOGGED_IN
[2026-03-16T22:45:06.552Z] [S2] ASCII: ..O...e.
[2026-03-16T22:45:06.552Z] [S2] Game packet flags=0x40 cmd8=0xeb cmd16=0x03eb
[2026-03-16T22:45:06.552Z] [S2] Position update map=101 pos=79,26
[2026-03-16T22:45:06.554Z] [S2] Persisted character "NeoE5F" for account "0000001"
[2026-03-16T22:45:06.555Z] [S2] Persisted character "NeoE5F" for account "0000001"
[2026-03-16T22:45:07.063Z] [S2] RECV pkt flags=0x40 len=8 seq=44
[2026-03-16T22:45:07.063Z] [S2] < 0000: eb 03 4b 00 14 00 65 00                         | ..K...e.
[2026-03-16T22:45:07.063Z] [S2] CMD8=0xeb CMD16=0x03eb state=LOGGED_IN
[2026-03-16T22:45:07.063Z] [S2] ASCII: ..K...e.
[2026-03-16T22:45:07.063Z] [S2] Game packet flags=0x40 cmd8=0xeb cmd16=0x03eb
[2026-03-16T22:45:07.063Z] [S2] Position update map=101 pos=75,20
[2026-03-16T22:45:07.065Z] [S2] Persisted character "NeoE5F" for account "0000001"
[2026-03-16T22:45:07.066Z] [S2] Persisted character "NeoE5F" for account "0000001"
